[2026-01-30 04:36:16] === NEW APPLICATION SUBMISSION ===
[2026-01-30 04:36:16] POST: {"department_name":"63","service_name":"94","purpose":"4123","location":"4123","remarks":"412","terms":"on","department_id":"63","service_id":"94"}
[2026-01-30 04:36:16] FILES: ["compiled_document"]
[2026-01-30 04:36:16] SESSION: {"user_id":"none","role":"none"}
[2026-01-30 11:36:16] Config loaded
[2026-01-30 11:36:16] Session check passed
[2026-01-30 11:36:16] Request method check passed
[2026-01-30 11:36:16] Data - Dept: 63, Service: 94, Purpose length: 4
[2026-01-30 11:36:16] Validation passed
[2026-01-30 11:36:16] File upload status: No file uploaded
[2026-01-30 11:36:16] Service found: Issuance of Certification
[2026-01-30 11:36:16] Tracking number: CRMN-2026-211130
[2026-01-30 11:36:16] No file uploaded - skipping file storage
[2026-01-30 11:36:16] Application inserted: ID 81
[2026-01-30 11:36:16] User notification created
[2026-01-30 11:36:16] Found 2 admins for department 63
[2026-01-30 11:36:16] Admin notifications created for 2 admins
[2026-01-30 11:36:16] === SUBMISSION SUCCESSFUL ===
[2026-01-30 04:40:00] === NEW APPLICATION SUBMISSION ===
[2026-01-30 04:40:00] POST: {"department_name":"66","service_name":"101","purpose":"5123","location":"","remarks":"4213","terms":"on","department_id":"66","service_id":"101"}
[2026-01-30 04:40:00] FILES: ["compiled_document"]
[2026-01-30 04:40:00] SESSION: {"user_id":"none","role":"none"}
[2026-01-30 11:40:00] Config loaded
[2026-01-30 11:40:00] Session check passed
[2026-01-30 11:40:00] Request method check passed
[2026-01-30 11:40:00] Data - Dept: 66, Service: 101, Purpose length: 4
[2026-01-30 11:40:00] Validation passed
[2026-01-30 11:40:00] File validation passed - Report_2026-01-01_to_2026-01-31 (2).pdf
[2026-01-30 11:40:00] File upload status: File uploaded
[2026-01-30 11:40:00] Service found: Endorsement Letter for Manila Southwoods RFID Tag/Car Sticker
[2026-01-30 11:40:00] Tracking number: CRMN-2026-275267
[2026-01-30 11:40:00] File uploaded: assets/uploads/Report_2026-01-01_to_2026-01-31__2__20260130_114000.pdf
[2026-01-30 11:40:00] Application inserted: ID 82
[2026-01-30 11:40:00] Document record inserted
[2026-01-30 11:40:00] User notification created
[2026-01-30 11:40:00] Found 2 admins for department 66
[2026-01-30 11:40:00] Admin notifications created for 2 admins
[2026-01-30 11:40:00] === SUBMISSION SUCCESSFUL ===
[2026-01-30 08:02:03] === NEW APPLICATION SUBMISSION ===
[2026-01-30 08:02:03] POST: {"department_name":"32","service_name":"90","purpose":"I want to enter the sorteo pageant.","location":"","remarks":"","terms":"on","department_id":"32","service_id":"90"}
[2026-01-30 08:02:03] FILES: ["compiled_document"]
[2026-01-30 08:02:03] SESSION: {"user_id":"none","role":"none"}
[2026-01-30 15:02:03] Config loaded
[2026-01-30 15:02:03] Session check passed
[2026-01-30 15:02:03] Request method check passed
[2026-01-30 15:02:03] Data - Dept: 32, Service: 90, Purpose length: 35
[2026-01-30 15:02:03] Validation passed
[2026-01-30 15:02:03] File validation passed - Report_2026-01-01_to_2026-01-31.pdf
[2026-01-30 15:02:03] File upload status: File uploaded
[2026-01-30 15:02:03] Service found: Sorteo ng Carmona Registration
[2026-01-30 15:02:03] Tracking number: CRMN-2026-366359
[2026-01-30 15:02:03] File uploaded: assets/uploads/Report_2026-01-01_to_2026-01-31_20260130_150203.pdf
[2026-01-30 15:02:03] Application inserted: ID 83
[2026-01-30 15:02:03] Document record inserted
[2026-01-30 15:02:03] User notification created
[2026-01-30 15:02:03] Found 2 admins for department 32
[2026-01-30 15:02:03] Admin notifications created for 2 admins
[2026-01-30 15:02:03] === SUBMISSION SUCCESSFUL ===
[2026-01-30 15:07:34] === UPDATE APPLICATION REQUEST ===
[2026-01-30 15:07:34] POST: {"app_id":"83","status":"Completed","remarks":"","send_email":"1","send_sms":"1"}
[2026-01-30 15:07:34] SESSION: user_id=3, role=superadmin
[2026-01-30 15:07:34] app_id: 83, new_status: Completed, send_email: yes, send_sms: yes
[2026-01-30 15:07:34] Old status: paid, New status: Completed
[2026-01-30 15:07:34] Application updated successfully
[2026-01-30 15:07:34] Status history added
[2026-01-30 15:07:34] In-app notification created
[2026-01-30 15:07:34] Transaction committed
[2026-01-30 15:07:34] Attempting to send email to: keithjustine57@gmail.com
[2026-01-30 15:07:39] Email sent successfully
[2026-01-30 15:07:39] Attempting to send SMS to: 09994213211
[2026-01-30 15:07:39] SMS sending failed
[2026-01-30 15:07:39] === UPDATE COMPLETED SUCCESSFULLY ===
